#
# There is insufficient memory for the Java Runtime Environment to continue.
# Native memory allocation (malloc) failed to allocate 1792176 bytes. Error detail: Chunk::new
# Possible reasons:
#   The system is out of physical RAM or swap space
#   This process is running with CompressedOops enabled, and the Java Heap may be blocking the growth of the native heap
# Possible solutions:
#   Reduce memory load on the system
#   Increase physical memory or swap space
#   Check if swap backing store is full
#   Decrease Java heap size (-Xmx/-Xms)
#   Decrease number of Java threads
#   Decrease Java thread stack sizes (-Xss)
#   Set larger code cache with -XX:ReservedCodeCacheSize=
#   JVM is running with Unscaled Compressed Oops mode in which the Java heap is
#     placed in the first 4GB address space. The Java Heap base address is the
#     maximum limit for the native heap growth. Please use -XX:HeapBaseMinAddress
#     to set the Java Heap base and to place the Java Heap above 4GB virtual address.
# This output file may be truncated or incomplete.
#
#  Out of Memory Error (arena.cpp:168), pid=23920, tid=25356
#
# JRE version: OpenJDK Runtime Environment (21.0.6) (build 21.0.6+-13391695-b895.109)
# Java VM: OpenJDK 64-Bit Server VM (21.0.6+-13391695-b895.109, mixed mode, tiered, compressed oops, compressed class ptrs, g1 gc, windows-amd64)
# No core dump will be written. Minidumps are not enabled by default on client versions of Windows
#

---------------  S U M M A R Y ------------

Command Line: --add-opens=java.base/java.lang=ALL-UNNAMED --add-opens=java.base/java.lang.invoke=ALL-UNNAMED --add-opens=java.base/java.util=ALL-UNNAMED --add-opens=java.prefs/java.util.prefs=ALL-UNNAMED --add-exports=jdk.compiler/com.sun.tools.javac.api=ALL-UNNAMED --add-exports=jdk.compiler/com.sun.tools.javac.util=ALL-UNNAMED --add-opens=java.base/java.util=ALL-UNNAMED --add-opens=java.prefs/java.util.prefs=ALL-UNNAMED --add-opens=java.base/java.nio.charset=ALL-UNNAMED --add-opens=java.base/java.net=ALL-UNNAMED --add-opens=java.base/java.util.concurrent.atomic=ALL-UNNAMED --add-opens=java.xml/javax.xml.namespace=ALL-UNNAMED -Xmx2048m -Dfile.encoding=UTF-8 -Duser.country=US -Duser.language=en -Duser.variant -javaagent:C:\Users\ntt15\.gradle\wrapper\dists\gradle-8.13-bin\5xuhj0ry160q40clulazy9h7d\gradle-8.13\lib\agents\gradle-instrumentation-agent-8.13.jar org.gradle.launcher.daemon.bootstrap.GradleDaemon 8.13

Host: AMD Ryzen 7 5800H with Radeon Graphics         , 16 cores, 7G,  Windows 10 , 64 bit Build 19041 (10.0.19041.5915)
Time: Tue Dec 16 22:44:26 2025 SE Asia Standard Time elapsed time: 6.737415 seconds (0d 0h 0m 6s)

---------------  T H R E A D  ---------------

Current thread (0x000001f0ec0ec110):  JavaThread "C2 CompilerThread0" daemon [_thread_in_native, id=25356, stack(0x0000002183900000,0x0000002183a00000) (1024K)]


Current CompileTask:
C2:6737 6601       4       java.net.URLClassLoader$1::run (5 bytes)

Stack: [0x0000002183900000,0x0000002183a00000]
Native frames: (J=compiled Java code, j=interpreted, Vv=VM code, C=native code)
V  [jvm.dll+0x6d0639]
V  [jvm.dll+0x85eb03]
V  [jvm.dll+0x86105e]
V  [jvm.dll+0x861743]
V  [jvm.dll+0x27e6e6]
V  [jvm.dll+0xbff6d]
V  [jvm.dll+0xc04a3]
V  [jvm.dll+0x3b6171]
V  [jvm.dll+0x3820c7]
V  [jvm.dll+0x38153a]
V  [jvm.dll+0x247c82]
V  [jvm.dll+0x247251]
V  [jvm.dll+0x1c5f04]
V  [jvm.dll+0x2569ac]
V  [jvm.dll+0x254ef6]
V  [jvm.dll+0x3f0e96]
V  [jvm.dll+0x806ed8]
V  [jvm.dll+0x6cef0d]
C  [ucrtbase.dll+0x21bb2]
C  [KERNEL32.DLL+0x17374]
C  [ntdll.dll+0x4cc91]


---------------  P R O C E S S  ---------------

Threads class SMR info:
_java_thread_list=0x000001f0ec817650, length=69, elements={
0x000001f0cd782250, 0x000001f0ec0a6e20, 0x000001f0ec0b6570, 0x000001f0ec0ca540,
0x000001f0ec0caf90, 0x000001f0ec0b7b10, 0x000001f0ec0b8910, 0x000001f0ec0ec110,
0x000001f0ec0c1a40, 0x000001f0ec1767b0, 0x000001f0ec299d50, 0x000001f0ec2bb480,
0x000001f0ec41fcd0, 0x000001f0ede7e700, 0x000001f0edf005c0, 0x000001f0ee19c190,
0x000001f0edf9bd20, 0x000001f0edf696b0, 0x000001f0ee0f47d0, 0x000001f0edf70950,
0x000001f0ee0e5ee0, 0x000001f0ee0e9360, 0x000001f0ee0e7290, 0x000001f0ee0e6c00,
0x000001f0ee0e7920, 0x000001f0ee0e8cd0, 0x000001f0ee0e6570, 0x000001f0ee0e7fb0,
0x000001f0ee0e8640, 0x000001f0efaa0cc0, 0x000001f0efaa2070, 0x000001f0efa9c490,
0x000001f0efa9f280, 0x000001f0efaa1350, 0x000001f0efa9cb20, 0x000001f0efa9b0e0,
0x000001f0efa9d840, 0x000001f0efa9ded0, 0x000001f0efa9f910, 0x000001f0efa9b770,
0x000001f0efaa0630, 0x000001f0efa9e560, 0x000001f0efa9d1b0, 0x000001f0efaa2700,
0x000001f0efa9be00, 0x000001f0efa9ebf0, 0x000001f0f028d980, 0x000001f0f0293560,
0x000001f0f0290e00, 0x000001f0f028e6a0, 0x000001f0f0294910, 0x000001f0f0294fa0,
0x000001f0f028ed30, 0x000001f0f0294280, 0x000001f0f0292ed0, 0x000001f0f028f3c0,
0x000001f0f02900e0, 0x000001f0f0290770, 0x000001f0f0291490, 0x000001f0f02921b0,
0x000001f0f0737f90, 0x000001f0f073ad80, 0x000001f0f0733df0, 0x000001f0f07399d0,
0x000001f0f0734480, 0x000001f0f0737270, 0x000001f0f07351a0, 0x000001f0f073a060,
0x000001f0f0736550
}

Java Threads: ( => current thread )
  0x000001f0cd782250 JavaThread "main"                              [_thread_blocked, id=3508, stack(0x0000002182b00000,0x0000002182c00000) (1024K)]
  0x000001f0ec0a6e20 JavaThread "Reference Handler"          daemon [_thread_blocked, id=25048, stack(0x0000002183300000,0x0000002183400000) (1024K)]
  0x000001f0ec0b6570 JavaThread "Finalizer"                  daemon [_thread_blocked, id=24896, stack(0x0000002183400000,0x0000002183500000) (1024K)]
  0x000001f0ec0ca540 JavaThread "Signal Dispatcher"          daemon [_thread_blocked, id=16292, stack(0x0000002183500000,0x0000002183600000) (1024K)]
  0x000001f0ec0caf90 JavaThread "Attach Listener"            daemon [_thread_blocked, id=10840, stack(0x0000002183600000,0x0000002183700000) (1024K)]
  0x000001f0ec0b7b10 JavaThread "Service Thread"             daemon [_thread_blocked, id=21580, stack(0x0000002183700000,0x0000002183800000) (1024K)]
  0x000001f0ec0b8910 JavaThread "Monitor Deflation Thread"   daemon [_thread_blocked, id=21180, stack(0x0000002183800000,0x0000002183900000) (1024K)]
=>0x000001f0ec0ec110 JavaThread "C2 CompilerThread0"         daemon [_thread_in_native, id=25356, stack(0x0000002183900000,0x0000002183a00000) (1024K)]
  0x000001f0ec0c1a40 JavaThread "C1 CompilerThread0"         daemon [_thread_in_native, id=4824, stack(0x0000002183a00000,0x0000002183b00000) (1024K)]
  0x000001f0ec1767b0 JavaThread "Common-Cleaner"             daemon [_thread_blocked, id=16152, stack(0x0000002183b00000,0x0000002183c00000) (1024K)]
  0x000001f0ec299d50 JavaThread "C1 CompilerThread1"         daemon [_thread_blocked, id=5456, stack(0x0000002183c00000,0x0000002183d00000) (1024K)]
  0x000001f0ec2bb480 JavaThread "C1 CompilerThread2"         daemon [_thread_blocked, id=24984, stack(0x0000002183d00000,0x0000002183e00000) (1024K)]
  0x000001f0ec41fcd0 JavaThread "Notification Thread"        daemon [_thread_blocked, id=24368, stack(0x0000002183e00000,0x0000002183f00000) (1024K)]
  0x000001f0ede7e700 JavaThread "Daemon health stats"               [_thread_blocked, id=25240, stack(0x0000002184600000,0x0000002184700000) (1024K)]
  0x000001f0edf005c0 JavaThread "Incoming local TCP Connector on port 57056"        [_thread_in_native, id=25152, stack(0x0000002184700000,0x0000002184800000) (1024K)]
  0x000001f0ee19c190 JavaThread "Daemon periodic checks"            [_thread_blocked, id=24112, stack(0x0000002184800000,0x0000002184900000) (1024K)]
  0x000001f0edf9bd20 JavaThread "Daemon"                            [_thread_blocked, id=18376, stack(0x0000002184900000,0x0000002184a00000) (1024K)]
  0x000001f0edf696b0 JavaThread "Handler for socket connection from /127.0.0.1:57056 to /127.0.0.1:57057"        [_thread_in_native, id=23936, stack(0x0000002184a00000,0x0000002184b00000) (1024K)]
  0x000001f0ee0f47d0 JavaThread "Cancel handler"                    [_thread_blocked, id=18196, stack(0x0000002184b00000,0x0000002184c00000) (1024K)]
  0x000001f0edf70950 JavaThread "Daemon worker"                     [_thread_blocked, id=20160, stack(0x0000002184c00000,0x0000002184d00000) (1024K)]
  0x000001f0ee0e5ee0 JavaThread "Asynchronous log dispatcher for DefaultDaemonConnection: socket connection from /127.0.0.1:57056 to /127.0.0.1:57057"        [_thread_blocked, id=5268, stack(0x0000002184d00000,0x0000002184e00000) (1024K)]
  0x000001f0ee0e9360 JavaThread "Stdin handler"                     [_thread_blocked, id=23816, stack(0x0000002184e00000,0x0000002184f00000) (1024K)]
  0x000001f0ee0e7290 JavaThread "Daemon client event forwarder"        [_thread_blocked, id=24052, stack(0x0000002184f00000,0x0000002185000000) (1024K)]
  0x000001f0ee0e6c00 JavaThread "Cache worker for journal cache (C:\Users\ntt15\.gradle\caches\journal-1)"        [_thread_blocked, id=23812, stack(0x0000002185800000,0x0000002185900000) (1024K)]
  0x000001f0ee0e7920 JavaThread "File lock request listener"        [_thread_in_native, id=16452, stack(0x0000002185900000,0x0000002185a00000) (1024K)]
  0x000001f0ee0e8cd0 JavaThread "Cache worker for file hash cache (C:\Users\ntt15\.gradle\caches\8.13\fileHashes)"        [_thread_blocked, id=22900, stack(0x0000002185a00000,0x0000002185b00000) (1024K)]
  0x000001f0ee0e6570 JavaThread "Cache worker for file hash cache (C:\Users\ntt15\OneDrive\Documents\studyspace\StudySpaceEdited\.gradle\8.13\fileHashes)"        [_thread_blocked, id=14688, stack(0x0000002185b00000,0x0000002185c00000) (1024K)]
  0x000001f0ee0e7fb0 JavaThread "Cache worker for Build Output Cleanup Cache (C:\Users\ntt15\OneDrive\Documents\studyspace\StudySpaceEdited\.gradle\buildOutputCleanup)"        [_thread_blocked, id=2728, stack(0x0000002185c00000,0x0000002185d00000) (1024K)]
  0x000001f0ee0e8640 JavaThread "File watcher server"        daemon [_thread_in_native, id=12748, stack(0x0000002185d00000,0x0000002185e00000) (1024K)]
  0x000001f0efaa0cc0 JavaThread "File watcher consumer"      daemon [_thread_blocked, id=13792, stack(0x0000002185e00000,0x0000002185f00000) (1024K)]
  0x000001f0efaa2070 JavaThread "jar transforms"                    [_thread_blocked, id=16896, stack(0x0000002185f00000,0x0000002186000000) (1024K)]
  0x000001f0efa9c490 JavaThread "jar transforms Thread 2"           [_thread_blocked, id=19232, stack(0x0000002186000000,0x0000002186100000) (1024K)]
  0x000001f0efa9f280 JavaThread "Cache worker for checksums cache (C:\Users\ntt15\OneDrive\Documents\studyspace\StudySpaceEdited\.gradle\8.13\checksums)"        [_thread_blocked, id=12960, stack(0x0000002186100000,0x0000002186200000) (1024K)]
  0x000001f0efaa1350 JavaThread "Cache worker for file content cache (C:\Users\ntt15\.gradle\caches\8.13\fileContent)"        [_thread_blocked, id=10408, stack(0x0000002186200000,0x0000002186300000) (1024K)]
  0x000001f0efa9cb20 JavaThread "jar transforms Thread 3"           [_thread_blocked, id=15200, stack(0x0000002186300000,0x0000002186400000) (1024K)]
  0x000001f0efa9b0e0 JavaThread "Cache worker for cache directory md-supplier (C:\Users\ntt15\.gradle\caches\8.13\md-supplier)"        [_thread_blocked, id=10784, stack(0x0000002186400000,0x0000002186500000) (1024K)]
  0x000001f0efa9d840 JavaThread "Cache worker for cache directory md-rule (C:\Users\ntt15\.gradle\caches\8.13\md-rule)"        [_thread_blocked, id=23712, stack(0x0000002186500000,0x0000002186600000) (1024K)]
  0x000001f0efa9ded0 JavaThread "Unconstrained build operations"        [_thread_blocked, id=15220, stack(0x0000002186600000,0x0000002186700000) (1024K)]
  0x000001f0efa9f910 JavaThread "Unconstrained build operations Thread 2"        [_thread_blocked, id=20012, stack(0x0000002186700000,0x0000002186800000) (1024K)]
  0x000001f0efa9b770 JavaThread "Unconstrained build operations Thread 3"        [_thread_blocked, id=22628, stack(0x0000002186800000,0x0000002186900000) (1024K)]
  0x000001f0efaa0630 JavaThread "Unconstrained build operations Thread 4"        [_thread_blocked, id=15096, stack(0x0000002186900000,0x0000002186a00000) (1024K)]
  0x000001f0efa9e560 JavaThread "Unconstrained build operations Thread 5"        [_thread_blocked, id=14576, stack(0x0000002186a00000,0x0000002186b00000) (1024K)]
  0x000001f0efa9d1b0 JavaThread "Unconstrained build operations Thread 6"        [_thread_blocked, id=9952, stack(0x0000002186b00000,0x0000002186c00000) (1024K)]
  0x000001f0efaa2700 JavaThread "Unconstrained build operations Thread 7"        [_thread_blocked, id=1184, stack(0x0000002186c00000,0x0000002186d00000) (1024K)]
  0x000001f0efa9be00 JavaThread "Unconstrained build operations Thread 8"        [_thread_blocked, id=11776, stack(0x0000002186d00000,0x0000002186e00000) (1024K)]
  0x000001f0efa9ebf0 JavaThread "jar transforms Thread 4"           [_thread_blocked, id=4276, stack(0x0000002186e00000,0x0000002186f00000) (1024K)]
  0x000001f0f028d980 JavaThread "jar transforms Thread 5"           [_thread_blocked, id=10200, stack(0x0000002186f00000,0x0000002187000000) (1024K)]
  0x000001f0f0293560 JavaThread "Unconstrained build operations Thread 9"        [_thread_blocked, id=5396, stack(0x0000002187000000,0x0000002187100000) (1024K)]
  0x000001f0f0290e00 JavaThread "Unconstrained build operations Thread 10"        [_thread_blocked, id=12640, stack(0x0000002187100000,0x0000002187200000) (1024K)]
  0x000001f0f028e6a0 JavaThread "Unconstrained build operations Thread 11"        [_thread_blocked, id=6176, stack(0x0000002187200000,0x0000002187300000) (1024K)]
  0x000001f0f0294910 JavaThread "Unconstrained build operations Thread 12"        [_thread_blocked, id=15908, stack(0x0000002187300000,0x0000002187400000) (1024K)]
  0x000001f0f0294fa0 JavaThread "jar transforms Thread 6"           [_thread_blocked, id=16456, stack(0x0000002187400000,0x0000002187500000) (1024K)]
  0x000001f0f028ed30 JavaThread "jar transforms Thread 7"           [_thread_blocked, id=13772, stack(0x0000002187500000,0x0000002187600000) (1024K)]
  0x000001f0f0294280 JavaThread "jar transforms Thread 8"           [_thread_blocked, id=23820, stack(0x0000002187600000,0x0000002187700000) (1024K)]
  0x000001f0f0292ed0 JavaThread "Unconstrained build operations Thread 13"        [_thread_blocked, id=25156, stack(0x0000002185700000,0x0000002185800000) (1024K)]
  0x000001f0f028f3c0 JavaThread "Unconstrained build operations Thread 14"        [_thread_blocked, id=1908, stack(0x0000002187700000,0x0000002187800000) (1024K)]
  0x000001f0f02900e0 JavaThread "Unconstrained build operations Thread 15"        [_thread_blocked, id=14424, stack(0x0000002187800000,0x0000002187900000) (1024K)]
  0x000001f0f0290770 JavaThread "Unconstrained build operations Thread 16"        [_thread_blocked, id=24276, stack(0x0000002187900000,0x0000002187a00000) (1024K)]
  0x000001f0f0291490 JavaThread "Unconstrained build operations Thread 17"        [_thread_blocked, id=24152, stack(0x0000002187a00000,0x0000002187b00000) (1024K)]
  0x000001f0f02921b0 JavaThread "Unconstrained build operations Thread 18"        [_thread_blocked, id=18892, stack(0x0000002187b00000,0x0000002187c00000) (1024K)]
  0x000001f0f0737f90 JavaThread "Unconstrained build operations Thread 19"        [_thread_blocked, id=25488, stack(0x0000002187c00000,0x0000002187d00000) (1024K)]
  0x000001f0f073ad80 JavaThread "Unconstrained build operations Thread 20"        [_thread_blocked, id=9744, stack(0x0000002187d00000,0x0000002187e00000) (1024K)]
  0x000001f0f0733df0 JavaThread "Unconstrained build operations Thread 21"        [_thread_in_native, id=13200, stack(0x0000002187e00000,0x0000002187f00000) (1024K)]
  0x000001f0f07399d0 JavaThread "Unconstrained build operations Thread 22"        [_thread_blocked, id=24212, stack(0x0000002187f00000,0x0000002188000000) (1024K)]
  0x000001f0f0734480 JavaThread "Unconstrained build operations Thread 23"        [_thread_blocked, id=7912, stack(0x0000002188000000,0x0000002188100000) (1024K)]
  0x000001f0f0737270 JavaThread "Unconstrained build operations Thread 24"        [_thread_blocked, id=17556, stack(0x0000002188100000,0x0000002188200000) (1024K)]
  0x000001f0f07351a0 JavaThread "Unconstrained build operations Thread 25"        [_thread_blocked, id=10248, stack(0x0000002188200000,0x0000002188300000) (1024K)]
  0x000001f0f073a060 JavaThread "Unconstrained build operations Thread 26"        [_thread_in_native, id=20840, stack(0x0000002188300000,0x0000002188400000) (1024K)]
  0x000001f0f0736550 JavaThread "Unconstrained build operations Thread 27"        [_thread_blocked, id=14100, stack(0x0000002188400000,0x0000002188500000) (1024K)]
Total: 69

Other Threads:
  0x000001f0e7cd7630 VMThread "VM Thread"                           [id=24756, stack(0x0000002183200000,0x0000002183300000) (1024K)]
  0x000001f0e7c58bd0 WatcherThread "VM Periodic Task Thread"        [id=13528, stack(0x0000002183100000,0x0000002183200000) (1024K)]
  0x000001f0cfb66e10 WorkerThread "GC Thread#0"                     [id=16820, stack(0x0000002182c00000,0x0000002182d00000) (1024K)]
  0x000001f0ec9f4bf0 WorkerThread "GC Thread#1"                     [id=2748, stack(0x0000002183f00000,0x0000002184000000) (1024K)]
  0x000001f0ec956000 WorkerThread "GC Thread#2"                     [id=11356, stack(0x0000002184000000,0x0000002184100000) (1024K)]
  0x000001f0ec5ed9a0 WorkerThread "GC Thread#3"                     [id=25108, stack(0x0000002184100000,0x0000002184200000) (1024K)]
  0x000001f0ed249c70 WorkerThread "GC Thread#4"                     [id=10060, stack(0x0000002184200000,0x0000002184300000) (1024K)]
  0x000001f0edcd2090 WorkerThread "GC Thread#5"                     [id=24256, stack(0x0000002184300000,0x0000002184400000) (1024K)]
  0x000001f0edbc9160 WorkerThread "GC Thread#6"                     [id=12220, stack(0x0000002184400000,0x0000002184500000) (1024K)]
  0x000001f0ede6e320 WorkerThread "GC Thread#7"                     [id=18040, stack(0x0000002184500000,0x0000002184600000) (1024K)]
  0x000001f0ee14ee50 WorkerThread "GC Thread#8"                     [id=18844, stack(0x0000002185000000,0x0000002185100000) (1024K)]
  0x000001f0ee14f600 WorkerThread "GC Thread#9"                     [id=18204, stack(0x0000002185100000,0x0000002185200000) (1024K)]
  0x000001f0ee06c450 WorkerThread "GC Thread#10"                    [id=18788, stack(0x0000002185200000,0x0000002185300000) (1024K)]
  0x000001f0ee06b230 WorkerThread "GC Thread#11"                    [id=15408, stack(0x0000002185300000,0x0000002185400000) (1024K)]
  0x000001f0ee06b5d0 WorkerThread "GC Thread#12"                    [id=17744, stack(0x0000002185400000,0x0000002185500000) (1024K)]
  0x000001f0cfb77d10 ConcurrentGCThread "G1 Main Marker"            [id=24032, stack(0x0000002182d00000,0x0000002182e00000) (1024K)]
  0x000001f0cfb78d60 WorkerThread "G1 Conc#0"                       [id=23640, stack(0x0000002182e00000,0x0000002182f00000) (1024K)]
  0x000001f0ee06bd10 WorkerThread "G1 Conc#1"                       [id=5212, stack(0x0000002185500000,0x0000002185600000) (1024K)]
  0x000001f0ee06aaf0 WorkerThread "G1 Conc#2"                       [id=18348, stack(0x0000002185600000,0x0000002185700000) (1024K)]
  0x000001f0cfbde610 ConcurrentGCThread "G1 Refine#0"               [id=12704, stack(0x0000002182f00000,0x0000002183000000) (1024K)]
  0x000001f0e7b2f160 ConcurrentGCThread "G1 Service"                [id=11328, stack(0x0000002183000000,0x0000002183100000) (1024K)]
Total: 21

Threads with active compile tasks:
C2 CompilerThread0  6762 6601       4       java.net.URLClassLoader$1::run (5 bytes)
C1 CompilerThread0  6762 7783   !   2       org.gradle.api.internal.artifacts.ivyservice.ivyresolve.ErrorHandlingModuleComponentRepository$ErrorHandlingModuleComponentRepositoryAccess::tryResolveAndMaybeDisable (229 bytes)
Total: 2

VM state: not at safepoint (normal execution)

VM Mutex/Monitor currently owned by a thread: None

Heap address: 0x0000000080000000, size: 2048 MB, Compressed Oops mode: 32-bit

CDS archive(s) not mapped
Compressed class space mapped at: 0x0000000100000000-0x0000000140000000, reserved size: 1073741824
Narrow klass base: 0x0000000000000000, Narrow klass shift: 3, Narrow klass range: 0x140000000

GC Precious Log:
 CardTable entry size: 512
 Card Set container configuration: InlinePtr #cards 5 size 8 Array Of Cards #cards 12 size 40 Howl #buckets 4 coarsen threshold 1843 Howl Bitmap #cards 512 size 80 coarsen threshold 460 Card regions per heap region 1 cards per card region 2048
 CPUs: 16 total, 16 available
 Memory: 8044M
 Large Page Support: Disabled
 NUMA Support: Disabled
 Compressed Oops: Enabled (32-bit)
 Heap Region Size: 1M
 Heap Min Capacity: 8M
 Heap Initial Capacity: 126M
 Heap Max Capacity: 2G
 Pre-touch: Disabled
 Parallel Workers: 13
 Concurrent Workers: 3
 Concurrent Refinement Workers: 13
 Periodic GC: Disabled

Heap:
 garbage-first heap   total 98304K, used 71688K [0x0000000080000000, 0x0000000100000000)
  region size 1024K, 32 young (32768K), 6 survivors (6144K)
 Metaspace       used 71682K, committed 73536K, reserved 1114112K
  class space    used 9754K, committed 10688K, reserved 1048576K

Heap Regions: E=young(eden), S=young(survivor), O=old, HS=humongous(starts), HC=humongous(continues), CS=collection set, F=free, TAMS=top-at-mark-start, PB=parsable bottom
|   0|0x0000000080000000, 0x0000000080100000, 0x0000000080100000|100%|HS|  |TAMS 0x0000000080000000| PB 0x0000000080000000| Complete 
|   1|0x0000000080100000, 0x0000000080200000, 0x0000000080200000|100%|HC|  |TAMS 0x0000000080100000| PB 0x0000000080100000| Complete 
|   2|0x0000000080200000, 0x0000000080300000, 0x0000000080300000|100%|HC|  |TAMS 0x0000000080200000| PB 0x0000000080200000| Complete 
|   3|0x0000000080300000, 0x0000000080400000, 0x0000000080400000|100%| O|  |TAMS 0x0000000080300000| PB 0x0000000080300000| Untracked 
|   4|0x0000000080400000, 0x0000000080500000, 0x0000000080500000|100%| O|  |TAMS 0x0000000080400000| PB 0x0000000080400000| Untracked 
|   5|0x0000000080500000, 0x0000000080600000, 0x0000000080600000|100%| O|  |TAMS 0x0000000080500000| PB 0x0000000080500000| Untracked 
|   6|0x0000000080600000, 0x0000000080700000, 0x0000000080700000|100%|HS|  |TAMS 0x0000000080600000| PB 0x0000000080600000| Complete 
|   7|0x0000000080700000, 0x0000000080800000, 0x0000000080800000|100%| O|  |TAMS 0x0000000080700000| PB 0x0000000080700000| Untracked 
|   8|0x0000000080800000, 0x0000000080900000, 0x0000000080900000|100%| O|  |TAMS 0x0000000080800000| PB 0x0000000080800000| Untracked 
|   9|0x0000000080900000, 0x0000000080a00000, 0x0000000080a00000|100%| O|  |TAMS 0x0000000080900000| PB 0x0000000080900000| Untracked 
|  10|0x0000000080a00000, 0x0000000080b00000, 0x0000000080b00000|100%| O|  |TAMS 0x0000000080a00000| PB 0x0000000080a00000| Untracked 
|  11|0x0000000080b00000, 0x0000000080c00000, 0x0000000080c00000|100%| O|  |TAMS 0x0000000080b00000| PB 0x0000000080b00000| Untracked 
|  12|0x0000000080c00000, 0x0000000080d00000, 0x0000000080d00000|100%| O|  |TAMS 0x0000000080c00000| PB 0x0000000080c00000| Untracked 
|  13|0x0000000080d00000, 0x0000000080e00000, 0x0000000080e00000|100%| O|  |TAMS 0x0000000080d00000| PB 0x0000000080d00000| Untracked 
|  14|0x0000000080e00000, 0x0000000080f00000, 0x0000000080f00000|100%| O|  |TAMS 0x0000000080e00000| PB 0x0000000080e00000| Untracked 
|  15|0x0000000080f00000, 0x0000000081000000, 0x0000000081000000|100%| O|  |TAMS 0x0000000080f00000| PB 0x0000000080f00000| Untracked 
|  16|0x0000000081000000, 0x0000000081100000, 0x0000000081100000|100%| O|  |TAMS 0x0000000081000000| PB 0x0000000081000000| Untracked 
|  17|0x0000000081100000, 0x0000000081200000, 0x0000000081200000|100%| O|  |TAMS 0x0000000081100000| PB 0x0000000081100000| Untracked 
|  18|0x0000000081200000, 0x0000000081300000, 0x0000000081300000|100%| O|  |TAMS 0x0000000081200000| PB 0x0000000081200000| Untracked 
|  19|0x0000000081300000, 0x0000000081400000, 0x0000000081400000|100%| O|  |TAMS 0x0000000081300000| PB 0x0000000081300000| Untracked 
|  20|0x0000000081400000, 0x0000000081500000, 0x0000000081500000|100%| O|  |TAMS 0x0000000081400000| PB 0x0000000081400000| Untracked 
|  21|0x0000000081500000, 0x0000000081600000, 0x0000000081600000|100%| O|  |TAMS 0x0000000081500000| PB 0x0000000081500000| Untracked 
|  22|0x0000000081600000, 0x0000000081600000, 0x0000000081700000|  0%| F|  |TAMS 0x0000000081600000| PB 0x0000000081600000| Untracked 
|  23|0x0000000081700000, 0x0000000081800000, 0x0000000081800000|100%| O|  |TAMS 0x0000000081700000| PB 0x0000000081700000| Untracked 
|  24|0x0000000081800000, 0x0000000081900000, 0x0000000081900000|100%| O|  |TAMS 0x0000000081800000| PB 0x0000000081800000| Untracked 
|  25|0x0000000081900000, 0x0000000081a00000, 0x0000000081a00000|100%| O|  |TAMS 0x0000000081900000| PB 0x0000000081900000| Untracked 
|  26|0x0000000081a00000, 0x0000000081b00000, 0x0000000081b00000|100%| O|  |TAMS 0x0000000081a00000| PB 0x0000000081a00000| Untracked 
|  27|0x0000000081b00000, 0x0000000081c00000, 0x0000000081c00000|100%| O|  |TAMS 0x0000000081b00000| PB 0x0000000081b00000| Untracked 
|  28|0x0000000081c00000, 0x0000000081d00000, 0x0000000081d00000|100%| O|  |TAMS 0x0000000081c00000| PB 0x0000000081c00000| Untracked 
|  29|0x0000000081d00000, 0x0000000081e00000, 0x0000000081e00000|100%| O|  |TAMS 0x0000000081d00000| PB 0x0000000081d00000| Untracked 
|  30|0x0000000081e00000, 0x0000000081f00000, 0x0000000081f00000|100%| O|  |TAMS 0x0000000081e00000| PB 0x0000000081e00000| Untracked 
|  31|0x0000000081f00000, 0x0000000082000000, 0x0000000082000000|100%| O|  |TAMS 0x0000000081f00000| PB 0x0000000081f00000| Untracked 
|  32|0x0000000082000000, 0x0000000082100000, 0x0000000082100000|100%| O|  |TAMS 0x0000000082000000| PB 0x0000000082000000| Untracked 
|  33|0x0000000082100000, 0x0000000082200000, 0x0000000082200000|100%| O|  |TAMS 0x0000000082100000| PB 0x0000000082100000| Untracked 
|  34|0x0000000082200000, 0x0000000082229dc0, 0x0000000082300000| 16%| O|  |TAMS 0x0000000082200000| PB 0x0000000082200000| Untracked 
|  35|0x0000000082300000, 0x0000000082300000, 0x0000000082400000|  0%| F|  |TAMS 0x0000000082300000| PB 0x0000000082300000| Untracked 
|  36|0x0000000082400000, 0x0000000082500000, 0x0000000082500000|100%| O|  |TAMS 0x0000000082400000| PB 0x0000000082400000| Untracked 
|  37|0x0000000082500000, 0x0000000082600000, 0x0000000082600000|100%| O|  |TAMS 0x0000000082500000| PB 0x0000000082500000| Untracked 
|  38|0x0000000082600000, 0x0000000082700000, 0x0000000082700000|100%| O|  |TAMS 0x0000000082600000| PB 0x0000000082600000| Untracked 
|  39|0x0000000082700000, 0x0000000082800000, 0x0000000082800000|100%| O|  |TAMS 0x0000000082700000| PB 0x0000000082700000| Untracked 
|  40|0x0000000082800000, 0x0000000082900000, 0x0000000082900000|100%| O|  |TAMS 0x0000000082800000| PB 0x0000000082800000| Untracked 
|  41|0x0000000082900000, 0x0000000082900000, 0x0000000082a00000|  0%| F|  |TAMS 0x0000000082900000| PB 0x0000000082900000| Untracked 
|  42|0x0000000082a00000, 0x0000000082a00000, 0x0000000082b00000|  0%| F|  |TAMS 0x0000000082a00000| PB 0x0000000082a00000| Untracked 
|  43|0x0000000082b00000, 0x0000000082bd83c0, 0x0000000082c00000| 84%| S|CS|TAMS 0x0000000082b00000| PB 0x0000000082b00000| Complete 
|  44|0x0000000082c00000, 0x0000000082d00000, 0x0000000082d00000|100%| S|CS|TAMS 0x0000000082c00000| PB 0x0000000082c00000| Complete 
|  45|0x0000000082d00000, 0x0000000082e00000, 0x0000000082e00000|100%| S|CS|TAMS 0x0000000082d00000| PB 0x0000000082d00000| Complete 
|  46|0x0000000082e00000, 0x0000000082e00000, 0x0000000082f00000|  0%| F|  |TAMS 0x0000000082e00000| PB 0x0000000082e00000| Untracked 
|  47|0x0000000082f00000, 0x0000000082f00000, 0x0000000083000000|  0%| F|  |TAMS 0x0000000082f00000| PB 0x0000000082f00000| Untracked 
|  48|0x0000000083000000, 0x0000000083000000, 0x0000000083100000|  0%| F|  |TAMS 0x0000000083000000| PB 0x0000000083000000| Untracked 
|  49|0x0000000083100000, 0x0000000083100000, 0x0000000083200000|  0%| F|  |TAMS 0x0000000083100000| PB 0x0000000083100000| Untracked 
|  50|0x0000000083200000, 0x0000000083300000, 0x0000000083300000|100%| S|CS|TAMS 0x0000000083200000| PB 0x0000000083200000| Complete 
|  51|0x0000000083300000, 0x0000000083400000, 0x0000000083400000|100%| S|CS|TAMS 0x0000000083300000| PB 0x0000000083300000| Complete 
|  52|0x0000000083400000, 0x0000000083500000, 0x0000000083500000|100%| S|CS|TAMS 0x0000000083400000| PB 0x0000000083400000| Complete 
|  53|0x0000000083500000, 0x0000000083500000, 0x0000000083600000|  0%| F|  |TAMS 0x0000000083500000| PB 0x0000000083500000| Untracked 
|  54|0x0000000083600000, 0x0000000083600000, 0x0000000083700000|  0%| F|  |TAMS 0x0000000083600000| PB 0x0000000083600000| Untracked 
|  55|0x0000000083700000, 0x0000000083700000, 0x0000000083800000|  0%| F|  |TAMS 0x0000000083700000| PB 0x0000000083700000| Untracked 
|  56|0x0000000083800000, 0x0000000083800000, 0x0000000083900000|  0%| F|  |TAMS 0x0000000083800000| PB 0x0000000083800000| Untracked 
|  57|0x0000000083900000, 0x0000000083900000, 0x0000000083a00000|  0%| F|  |TAMS 0x0000000083900000| PB 0x0000000083900000| Untracked 
|  58|0x0000000083a00000, 0x0000000083a00000, 0x0000000083b00000|  0%| F|  |TAMS 0x0000000083a00000| PB 0x0000000083a00000| Untracked 
|  59|0x0000000083b00000, 0x0000000083b00000, 0x0000000083c00000|  0%| F|  |TAMS 0x0000000083b00000| PB 0x0000000083b00000| Untracked 
|  60|0x0000000083c00000, 0x0000000083c00000, 0x0000000083d00000|  0%| F|  |TAMS 0x0000000083c00000| PB 0x0000000083c00000| Untracked 
|  61|0x0000000083d00000, 0x0000000083d00000, 0x0000000083e00000|  0%| F|  |TAMS 0x0000000083d00000| PB 0x0000000083d00000| Untracked 
|  62|0x0000000083e00000, 0x0000000083e00000, 0x0000000083f00000|  0%| F|  |TAMS 0x0000000083e00000| PB 0x0000000083e00000| Untracked 
|  63|0x0000000083f00000, 0x0000000083f00000, 0x0000000084000000|  0%| F|  |TAMS 0x0000000083f00000| PB 0x0000000083f00000| Untracked 
|  64|0x0000000084000000, 0x0000000084000000, 0x0000000084100000|  0%| F|  |TAMS 0x0000000084000000| PB 0x0000000084000000| Untracked 
|  65|0x0000000084100000, 0x0000000084100000, 0x0000000084200000|  0%| F|  |TAMS 0x0000000084100000| PB 0x0000000084100000| Untracked 
|  66|0x0000000084200000, 0x0000000084200000, 0x0000000084300000|  0%| F|  |TAMS 0x0000000084200000| PB 0x0000000084200000| Untracked 
|  67|0x0000000084300000, 0x0000000084300000, 0x0000000084400000|  0%| F|  |TAMS 0x0000000084300000| PB 0x0000000084300000| Untracked 
|  68|0x0000000084400000, 0x00000000844df338, 0x0000000084500000| 87%| E|  |TAMS 0x0000000084400000| PB 0x0000000084400000| Complete 
|  69|0x0000000084500000, 0x0000000084600000, 0x0000000084600000|100%| E|CS|TAMS 0x0000000084500000| PB 0x0000000084500000| Complete 
|  70|0x0000000084600000, 0x0000000084700000, 0x0000000084700000|100%| E|  |TAMS 0x0000000084600000| PB 0x0000000084600000| Complete 
|  71|0x0000000084700000, 0x0000000084800000, 0x0000000084800000|100%| E|CS|TAMS 0x0000000084700000| PB 0x0000000084700000| Complete 
|  72|0x0000000084800000, 0x0000000084900000, 0x0000000084900000|100%| E|CS|TAMS 0x0000000084800000| PB 0x0000000084800000| Complete 
|  73|0x0000000084900000, 0x0000000084a00000, 0x0000000084a00000|100%| E|CS|TAMS 0x0000000084900000| PB 0x0000000084900000| Complete 
|  74|0x0000000084a00000, 0x0000000084b00000, 0x0000000084b00000|100%| E|CS|TAMS 0x0000000084a00000| PB 0x0000000084a00000| Complete 
|  75|0x0000000084b00000, 0x0000000084c00000, 0x0000000084c00000|100%| E|CS|TAMS 0x0000000084b00000| PB 0x0000000084b00000| Complete 
|  76|0x0000000084c00000, 0x0000000084d00000, 0x0000000084d00000|100%| E|CS|TAMS 0x0000000084c00000| PB 0x0000000084c00000| Complete 
|  77|0x0000000084d00000, 0x0000000084e00000, 0x0000000084e00000|100%| E|CS|TAMS 0x0000000084d00000| PB 0x0000000084d00000| Complete 
|  78|0x0000000084e00000, 0x0000000084f00000, 0x0000000084f00000|100%| E|CS|TAMS 0x0000000084e00000| PB 0x0000000084e00000| Complete 
|  79|0x0000000084f00000, 0x0000000085000000, 0x0000000085000000|100%| E|CS|TAMS 0x0000000084f00000| PB 0x0000000084f00000| Complete 
|  80|0x0000000085000000, 0x0000000085100000, 0x0000000085100000|100%| E|CS|TAMS 0x0000000085000000| PB 0x0000000085000000| Complete 
|  81|0x0000000085100000, 0x0000000085200000, 0x0000000085200000|100%| E|CS|TAMS 0x0000000085100000| PB 0x0000000085100000| Complete 
|  82|0x0000000085200000, 0x0000000085300000, 0x0000000085300000|100%| E|CS|TAMS 0x0000000085200000| PB 0x0000000085200000| Complete 
|  83|0x0000000085300000, 0x0000000085400000, 0x0000000085400000|100%| E|CS|TAMS 0x0000000085300000| PB 0x0000000085300000| Complete 
|  84|0x0000000085400000, 0x0000000085500000, 0x0000000085500000|100%| E|CS|TAMS 0x0000000085400000| PB 0x0000000085400000| Complete 
|  85|0x0000000085500000, 0x0000000085600000, 0x0000000085600000|100%| E|CS|TAMS 0x0000000085500000| PB 0x0000000085500000| Complete 
|  86|0x0000000085600000, 0x0000000085700000, 0x0000000085700000|100%| E|CS|TAMS 0x0000000085600000| PB 0x0000000085600000| Complete 
|  87|0x0000000085700000, 0x0000000085800000, 0x0000000085800000|100%| E|CS|TAMS 0x0000000085700000| PB 0x0000000085700000| Complete 
|  88|0x0000000085800000, 0x0000000085900000, 0x0000000085900000|100%| E|CS|TAMS 0x0000000085800000| PB 0x0000000085800000| Complete 
|  89|0x0000000085900000, 0x0000000085a00000, 0x0000000085a00000|100%| E|CS|TAMS 0x0000000085900000| PB 0x0000000085900000| Complete 
| 100|0x0000000086400000, 0x0000000086500000, 0x0000000086500000|100%| E|CS|TAMS 0x0000000086400000| PB 0x0000000086400000| Complete 
| 101|0x0000000086500000, 0x0000000086600000, 0x0000000086600000|100%| E|CS|TAMS 0x0000000086500000| PB 0x0000000086500000| Complete 
| 102|0x0000000086600000, 0x0000000086700000, 0x0000000086700000|100%| E|CS|TAMS 0x0000000086600000| PB 0x0000000086600000| Complete 
| 125|0x0000000087d00000, 0x0000000087e00000, 0x0000000087e00000|100%| E|CS|TAMS 0x0000000087d00000| PB 0x0000000087d00000| Complete 
|2046|0x00000000ffe00000, 0x00000000fff00000, 0x00000000fff00000|100%| O|  |TAMS 0x00000000ffe00000| PB 0x00000000ffe00000| Untracked 
|2047|0x00000000fff00000, 0x0000000100000000, 0x0000000100000000|100%| O|  |TAMS 0x00000000fff00000| PB 0x00000000fff00000| Untracked 

Card table byte_map: [0x000001f0e2910000,0x000001f0e2d10000] _byte_map_base: 0x000001f0e2510000

Marking Bits: (CMBitMap*) 0x000001f0cfb672c0
 Bits: [0x000001f0e2d10000, 0x000001f0e4d10000)

Polling page: 0x000001f0cd990000

Metaspace:

Usage:
  Non-class:     60.48 MB used.
      Class:      9.53 MB used.
       Both:     70.00 MB used.

Virtual space:
  Non-class space:       64.00 MB reserved,      61.38 MB ( 96%) committed,  1 nodes.
      Class space:        1.00 GB reserved,      10.44 MB (  1%) committed,  1 nodes.
             Both:        1.06 GB reserved,      71.81 MB (  7%) committed. 

Chunk freelists:
   Non-Class:  2.44 MB
       Class:  5.41 MB
        Both:  7.84 MB

MaxMetaspaceSize: unlimited
CompressedClassSpaceSize: 1.00 GB
Initial GC threshold: 21.00 MB
Current GC threshold: 98.12 MB
CDS: off
 - commit_granule_bytes: 65536.
 - commit_granule_words: 8192.
 - virtual_space_node_default_size: 8388608.
 - enlarge_chunks_in_place: 1.
 - use_allocation_guard: 0.


Internal statistics:

num_allocs_failed_limit: 9.
num_arena_births: 3358.
num_arena_deaths: 0.
num_vsnodes_births: 2.
num_vsnodes_deaths: 0.
num_space_committed: 1149.
num_space_uncommitted: 0.
num_chunks_returned_to_freelist: 9.
num_chunks_taken_from_freelist: 6382.
num_chunk_merges: 9.
num_chunk_splits: 4143.
num_chunks_enlarged: 2522.
num_inconsistent_stats: 0.

CodeHeap 'non-profiled nmethods': size=119168Kb used=3668Kb max_used=3668Kb free=115499Kb
 bounds [0x000001f0da810000, 0x000001f0dabb0000, 0x000001f0e1c70000]
CodeHeap 'profiled nmethods': size=119104Kb used=13569Kb max_used=13569Kb free=105534Kb
 bounds [0x000001f0d2c70000, 0x000001f0d39c0000, 0x000001f0da0c0000]
CodeHeap 'non-nmethods': size=7488Kb used=3881Kb max_used=3924Kb free=3606Kb
 bounds [0x000001f0da0c0000, 0x000001f0da4a0000, 0x000001f0da810000]
 total_blobs=8068 nmethods=7168 adapters=802
 compilation: enabled
              stopped_count=0, restarted_count=0
 full_count=0

Compilation events (20 events):
Event: 6.725 Thread 0x000001f0ec2bb480 nmethod 7692 0x000001f0d398df90 code [0x000001f0d398e140, 0x000001f0d398e468]
Event: 6.725 Thread 0x000001f0ec0c1a40 7696       3       org.gradle.api.internal.artifacts.ivyservice.DefaultCacheExpirationControl::applyRefreshRule (17 bytes)
Event: 6.725 Thread 0x000001f0ec2bb480 7697       3       org.gradle.api.internal.artifacts.ivyservice.DefaultCacheExpirationControl$AbstractResolutionControl::isMustCheck (22 bytes)
Event: 6.725 Thread 0x000001f0ec2bb480 nmethod 7697 0x000001f0d398e610 code [0x000001f0d398e7c0, 0x000001f0d398e960]
Event: 6.725 Thread 0x000001f0ec2bb480 7698       3       java.io.DataOutputStream::writeByte (14 bytes)
Event: 6.725 Thread 0x000001f0ec299d50 nmethod 7695 0x000001f0d398ea10 code [0x000001f0d398ebc0, 0x000001f0d398eea8]
Event: 6.725 Thread 0x000001f0ec0c1a40 nmethod 7696 0x000001f0d398f010 code [0x000001f0d398f1c0, 0x000001f0d398f4a8]
Event: 6.725 Thread 0x000001f0ec299d50 7699       3       java.io.DataOutputStream::<init> (19 bytes)
Event: 6.726 Thread 0x000001f0ec2bb480 nmethod 7698 0x000001f0d398f610 code [0x000001f0d398f7c0, 0x000001f0d398fa38]
Event: 6.726 Thread 0x000001f0ec299d50 nmethod 7699 0x000001f0d398fb10 code [0x000001f0d398fce0, 0x000001f0d3990188]
Event: 6.727 Thread 0x000001f0ec2bb480 7700       3       org.gradle.tooling.internal.provider.runner.ClientBuildEventGenerator::finished (128 bytes)
Event: 6.727 Thread 0x000001f0ec2bb480 nmethod 7700 0x000001f0d3990310 code [0x000001f0d39905c0, 0x000001f0d39913d8]
Event: 6.728 Thread 0x000001f0ec299d50 7701   !   3       java.io.RandomAccessFile::writeBytes (31 bytes)
Event: 6.728 Thread 0x000001f0ec0c1a40 7702       3       org.gradle.cache.internal.DefaultFileLockManager$DefaultFileLock::assertOpen (18 bytes)
Event: 6.729 Thread 0x000001f0ec299d50 nmethod 7701 0x000001f0d3991790 code [0x000001f0d3991960, 0x000001f0d3991b98]
Event: 6.729 Thread 0x000001f0ec0c1a40 nmethod 7702 0x000001f0d3991d10 code [0x000001f0d3991ec0, 0x000001f0d39920d8]
Event: 6.731 Thread 0x000001f0ec0c1a40 7703       1       org.gradle.internal.component.model.DefaultIvyArtifactName::getClassifier (5 bytes)
Event: 6.731 Thread 0x000001f0ec0c1a40 nmethod 7703 0x000001f0daba2b90 code [0x000001f0daba2d20, 0x000001f0daba2de8]
Event: 6.731 Thread 0x000001f0ec0c1a40 7704       1       org.gradle.api.internal.artifacts.ivyservice.modulecache.artifacts.DefaultCachedArtifact::getCachedFile (5 bytes)
Event: 6.731 Thread 0x000001f0ec0c1a40 nmethod 7704 0x000001f0daba2e90 code [0x000001f0daba3020, 0x000001f0daba30e8]

GC Heap History (20 events):
Event: 2.488 GC heap before
{Heap before GC invocations=5 (full 0):
 garbage-first heap   total 71680K, used 69246K [0x0000000080000000, 0x0000000100000000)
  region size 1024K, 52 young (53248K), 3 survivors (3072K)
 Metaspace       used 29255K, committed 29888K, reserved 1114112K
  class space    used 3710K, committed 4032K, reserved 1048576K
}
Event: 2.494 GC heap after
{Heap after GC invocations=6 (full 0):
 garbage-first heap   total 77824K, used 22885K [0x0000000080000000, 0x0000000100000000)
  region size 1024K, 6 young (6144K), 6 survivors (6144K)
 Metaspace       used 29255K, committed 29888K, reserved 1114112K
  class space    used 3710K, committed 4032K, reserved 1048576K
}
Event: 2.937 GC heap before
{Heap before GC invocations=6 (full 0):
 garbage-first heap   total 77824K, used 60773K [0x0000000080000000, 0x0000000100000000)
  region size 1024K, 43 young (44032K), 6 survivors (6144K)
 Metaspace       used 34274K, committed 35136K, reserved 1114112K
  class space    used 4553K, committed 4992K, reserved 1048576K
}
Event: 2.941 GC heap after
{Heap after GC invocations=7 (full 0):
 garbage-first heap   total 77824K, used 25388K [0x0000000080000000, 0x0000000100000000)
  region size 1024K, 6 young (6144K), 6 survivors (6144K)
 Metaspace       used 34274K, committed 35136K, reserved 1114112K
  class space    used 4553K, committed 4992K, reserved 1048576K
}
Event: 3.001 GC heap before
{Heap before GC invocations=7 (full 0):
 garbage-first heap   total 77824K, used 30508K [0x0000000080000000, 0x0000000100000000)
  region size 1024K, 12 young (12288K), 6 survivors (6144K)
 Metaspace       used 35123K, committed 35968K, reserved 1114112K
  class space    used 4668K, committed 5056K, reserved 1048576K
}
Event: 3.004 GC heap after
{Heap after GC invocations=8 (full 0):
 garbage-first heap   total 77824K, used 25593K [0x0000000080000000, 0x0000000100000000)
  region size 1024K, 3 young (3072K), 3 survivors (3072K)
 Metaspace       used 35123K, committed 35968K, reserved 1114112K
  class space    used 4668K, committed 5056K, reserved 1048576K
}
Event: 3.590 GC heap before
{Heap before GC invocations=9 (full 0):
 garbage-first heap   total 77824K, used 64505K [0x0000000080000000, 0x0000000100000000)
  region size 1024K, 42 young (43008K), 3 survivors (3072K)
 Metaspace       used 43317K, committed 44352K, reserved 1114112K
  class space    used 5705K, committed 6208K, reserved 1048576K
}
Event: 3.596 GC heap after
{Heap after GC invocations=10 (full 0):
 garbage-first heap   total 77824K, used 30195K [0x0000000080000000, 0x0000000100000000)
  region size 1024K, 6 young (6144K), 6 survivors (6144K)
 Metaspace       used 43317K, committed 44352K, reserved 1114112K
  class space    used 5705K, committed 6208K, reserved 1048576K
}
Event: 3.881 GC heap before
{Heap before GC invocations=10 (full 0):
 garbage-first heap   total 77824K, used 69107K [0x0000000080000000, 0x0000000100000000)
  region size 1024K, 40 young (40960K), 6 survivors (6144K)
 Metaspace       used 45807K, committed 46848K, reserved 1114112K
  class space    used 5930K, committed 6464K, reserved 1048576K
}
Event: 3.889 GC heap after
{Heap after GC invocations=11 (full 0):
 garbage-first heap   total 98304K, used 33497K [0x0000000080000000, 0x0000000100000000)
  region size 1024K, 4 young (4096K), 4 survivors (4096K)
 Metaspace       used 45807K, committed 46848K, reserved 1114112K
  class space    used 5930K, committed 6464K, reserved 1048576K
}
Event: 4.458 GC heap before
{Heap before GC invocations=11 (full 0):
 garbage-first heap   total 98304K, used 84697K [0x0000000080000000, 0x0000000100000000)
  region size 1024K, 54 young (55296K), 4 survivors (4096K)
 Metaspace       used 51914K, committed 53376K, reserved 1114112K
  class space    used 6914K, committed 7616K, reserved 1048576K
}
Event: 4.463 GC heap after
{Heap after GC invocations=12 (full 0):
 garbage-first heap   total 98304K, used 36715K [0x0000000080000000, 0x0000000100000000)
  region size 1024K, 7 young (7168K), 7 survivors (7168K)
 Metaspace       used 51914K, committed 53376K, reserved 1114112K
  class space    used 6914K, committed 7616K, reserved 1048576K
}
Event: 5.110 GC heap before
{Heap before GC invocations=12 (full 0):
 garbage-first heap   total 98304K, used 84843K [0x0000000080000000, 0x0000000100000000)
  region size 1024K, 53 young (54272K), 7 survivors (7168K)
 Metaspace       used 57373K, committed 58944K, reserved 1114112K
  class space    used 7658K, committed 8448K, reserved 1048576K
}
Event: 5.119 GC heap after
{Heap after GC invocations=13 (full 0):
 garbage-first heap   total 98304K, used 41577K [0x0000000080000000, 0x0000000100000000)
  region size 1024K, 7 young (7168K), 7 survivors (7168K)
 Metaspace       used 57373K, committed 58944K, reserved 1114112K
  class space    used 7658K, committed 8448K, reserved 1048576K
}
Event: 5.284 GC heap before
{Heap before GC invocations=13 (full 0):
 garbage-first heap   total 98304K, used 74345K [0x0000000080000000, 0x0000000100000000)
  region size 1024K, 40 young (40960K), 7 survivors (7168K)
 Metaspace       used 58493K, committed 60096K, reserved 1114112K
  class space    used 7836K, committed 8640K, reserved 1048576K
}
Event: 5.290 GC heap after
{Heap after GC invocations=14 (full 0):
 garbage-first heap   total 98304K, used 43392K [0x0000000080000000, 0x0000000100000000)
  region size 1024K, 2 young (2048K), 2 survivors (2048K)
 Metaspace       used 58493K, committed 60096K, reserved 1114112K
  class space    used 7836K, committed 8640K, reserved 1048576K
}
Event: 5.821 GC heap before
{Heap before GC invocations=15 (full 0):
 garbage-first heap   total 98304K, used 86400K [0x0000000080000000, 0x0000000100000000)
  region size 1024K, 44 young (45056K), 2 survivors (2048K)
 Metaspace       used 64730K, committed 66368K, reserved 1114112K
  class space    used 8709K, committed 9536K, reserved 1048576K
}
Event: 5.823 GC heap after
{Heap after GC invocations=16 (full 0):
 garbage-first heap   total 98304K, used 44844K [0x0000000080000000, 0x0000000100000000)
  region size 1024K, 4 young (4096K), 4 survivors (4096K)
 Metaspace       used 64730K, committed 66368K, reserved 1114112K
  class space    used 8709K, committed 9536K, reserved 1048576K
}
Event: 6.310 GC heap before
{Heap before GC invocations=16 (full 0):
 garbage-first heap   total 98304K, used 86828K [0x0000000080000000, 0x0000000100000000)
  region size 1024K, 45 young (46080K), 4 survivors (4096K)
 Metaspace       used 69545K, committed 71360K, reserved 1114112K
  class space    used 9490K, committed 10368K, reserved 1048576K
}
Event: 6.316 GC heap after
{Heap after GC invocations=17 (full 0):
 garbage-first heap   total 98304K, used 47112K [0x0000000080000000, 0x0000000100000000)
  region size 1024K, 6 young (6144K), 6 survivors (6144K)
 Metaspace       used 69545K, committed 71360K, reserved 1114112K
  class space    used 9490K, committed 10368K, reserved 1048576K
}

Dll operation events (3 events):
Event: 0.012 Loaded shared library C:\Program Files\Android\Android Studio\jbr\bin\java.dll
Event: 0.016 Loaded shared library C:\Program Files\Android\Android Studio\jbr\bin\zip.dll
Event: 0.422 Loaded shared library C:\Program Files\Android\Android Studio\jbr\bin\verify.dll

Deoptimization events (20 events):
Event: 6.499 Thread 0x000001f0edf70950 Uncommon trap: trap_request=0xffffffc6 fr.pc=0x000001f0daaf5ee8 relative=0x0000000000000d68
Event: 6.499 Thread 0x000001f0edf70950 Uncommon trap: reason=bimorphic_or_optimized_type_check action=maybe_recompile pc=0x000001f0daaf5ee8 method=java.util.HashMap.computeIfAbsent(Ljava/lang/Object;Ljava/util/function/Function;)Ljava/lang/Object; @ 142 c2
Event: 6.499 Thread 0x000001f0edf70950 DEOPT PACKING pc=0x000001f0daaf5ee8 sp=0x0000002184cf7d10
Event: 6.499 Thread 0x000001f0edf70950 DEOPT UNPACKING pc=0x000001f0da1146a2 sp=0x0000002184cf7cd8 mode 2
Event: 6.499 Thread 0x000001f0edf70950 Uncommon trap: trap_request=0xffffffc6 fr.pc=0x000001f0daaf5ee8 relative=0x0000000000000d68
Event: 6.499 Thread 0x000001f0edf70950 Uncommon trap: reason=bimorphic_or_optimized_type_check action=maybe_recompile pc=0x000001f0daaf5ee8 method=java.util.HashMap.computeIfAbsent(Ljava/lang/Object;Ljava/util/function/Function;)Ljava/lang/Object; @ 142 c2
Event: 6.499 Thread 0x000001f0edf70950 DEOPT PACKING pc=0x000001f0daaf5ee8 sp=0x0000002184cf7d10
Event: 6.499 Thread 0x000001f0edf70950 DEOPT UNPACKING pc=0x000001f0da1146a2 sp=0x0000002184cf7cd8 mode 2
Event: 6.499 Thread 0x000001f0edf70950 Uncommon trap: trap_request=0xffffffc6 fr.pc=0x000001f0daaf5ee8 relative=0x0000000000000d68
Event: 6.499 Thread 0x000001f0edf70950 Uncommon trap: reason=bimorphic_or_optimized_type_check action=maybe_recompile pc=0x000001f0daaf5ee8 method=java.util.HashMap.computeIfAbsent(Ljava/lang/Object;Ljava/util/function/Function;)Ljava/lang/Object; @ 142 c2
Event: 6.499 Thread 0x000001f0edf70950 DEOPT PACKING pc=0x000001f0daaf5ee8 sp=0x0000002184cf7d10
Event: 6.499 Thread 0x000001f0edf70950 DEOPT UNPACKING pc=0x000001f0da1146a2 sp=0x0000002184cf7cd8 mode 2
Event: 6.533 Thread 0x000001f0edf70950 DEOPT PACKING pc=0x000001f0d3177b21 sp=0x0000002184cf7400
Event: 6.533 Thread 0x000001f0edf70950 DEOPT UNPACKING pc=0x000001f0da114e42 sp=0x0000002184cf6900 mode 0
Event: 6.617 Thread 0x000001f0edf70950 DEOPT PACKING pc=0x000001f0d3177b21 sp=0x0000002184cf6850
Event: 6.617 Thread 0x000001f0edf70950 DEOPT UNPACKING pc=0x000001f0da114e42 sp=0x0000002184cf5d50 mode 0
Event: 6.688 Thread 0x000001f0edf70950 DEOPT PACKING pc=0x000001f0d3177b21 sp=0x0000002184cf67e0
Event: 6.688 Thread 0x000001f0edf70950 DEOPT UNPACKING pc=0x000001f0da114e42 sp=0x0000002184cf5ce0 mode 0
Event: 6.722 Thread 0x000001f0f073ad80 DEOPT PACKING pc=0x000001f0d343b9e6 sp=0x0000002187dfd910
Event: 6.722 Thread 0x000001f0f073ad80 DEOPT UNPACKING pc=0x000001f0da114e42 sp=0x0000002187dfce58 mode 0

Classes loaded (20 events):
Event: 6.398 Loading class sun/util/logging/internal/LoggingProviderImpl$JULWrapper
Event: 6.398 Loading class sun/util/logging/PlatformLogger$ConfigurableBridge$LoggerConfiguration
Event: 6.398 Loading class sun/util/logging/PlatformLogger$ConfigurableBridge$LoggerConfiguration done
Event: 6.398 Loading class sun/util/logging/internal/LoggingProviderImpl$JULWrapper done
Event: 6.398 Loading class java/io/ObjectInputFilter$Config$BuiltinFilterFactory
Event: 6.398 Loading class java/io/ObjectInputFilter$Config$BuiltinFilterFactory done
Event: 6.398 Loading class jdk/internal/access/JavaObjectInputFilterAccess
Event: 6.398 Loading class jdk/internal/access/JavaObjectInputFilterAccess done
Event: 6.398 Loading class java/lang/System$Logger$Level
Event: 6.398 Loading class java/lang/System$Logger$Level done
Event: 6.399 Loading class jdk/internal/event/DeserializationEvent
Event: 6.399 Loading class jdk/internal/event/DeserializationEvent done
Event: 6.399 Loading class java/io/ObjectInputStream$FieldValues
Event: 6.399 Loading class java/io/ObjectInputStream$GetField
Event: 6.399 Loading class java/io/ObjectInputStream$GetField done
Event: 6.399 Loading class java/io/ObjectInputStream$FieldValues done
Event: 6.631 Loading class java/util/Collections$ReverseComparator
Event: 6.631 Loading class java/util/Collections$ReverseComparator done
Event: 6.631 Loading class java/util/Collections$ReverseComparator2
Event: 6.632 Loading class java/util/Collections$ReverseComparator2 done

Classes unloaded (0 events):
No events

Classes redefined (0 events):
No events

Internal exceptions (20 events):
Event: 6.060 Thread 0x000001f0edf70950 Exception <a 'java/lang/ClassNotFoundException'{0x0000000084648d38}: org/gradle/internal/serialize/codecs/core/ClosureCodec$BrokenScriptBeanInfo> (0x0000000084648d38) 
thrown [s\src\hotspot\share\classfile\systemDictionary.cpp, line 312]
Event: 6.060 Thread 0x000001f0edf70950 Exception <a 'java/lang/ClassNotFoundException'{0x0000000084657860}: org/gradle/internal/serialize/codecs/core/ClosureCodec$BrokenScriptCustomizer> (0x0000000084657860) 
thrown [s\src\hotspot\share\classfile\systemDictionary.cpp, line 312]
Event: 6.062 Thread 0x000001f0edf70950 Exception <a 'java/lang/ClassNotFoundException'{0x0000000084671908}: org/gradle/api/invocation/GradleBeanInfo> (0x0000000084671908) 
thrown [s\src\hotspot\share\classfile\systemDictionary.cpp, line 312]
Event: 6.062 Thread 0x000001f0edf70950 Exception <a 'java/lang/ClassNotFoundException'{0x000000008467d918}: org/gradle/api/invocation/GradleCustomizer> (0x000000008467d918) 
thrown [s\src\hotspot\share\classfile\systemDictionary.cpp, line 312]
Event: 6.065 Thread 0x000001f0edf70950 Exception <a 'java/lang/NoSuchMethodError'{0x000000008469fba8}: 'void java.lang.invoke.Invokers$Holder.invokeExact_MT(java.lang.Object, java.lang.Object, int, java.lang.Object)'> (0x000000008469fba8) 
thrown [s\src\hotspot\share\interpreter\linkResolver.cpp, line 784]
Event: 6.070 Thread 0x000001f0edf70950 Exception <a 'java/lang/NoSuchMethodError'{0x00000000846d1300}: 'void java.lang.invoke.Invokers$Holder.invokeExact_MT(java.lang.Object, java.lang.Object, long, java.lang.Object)'> (0x00000000846d1300) 
thrown [s\src\hotspot\share\interpreter\linkResolver.cpp, line 784]
Event: 6.154 Thread 0x000001f0edf70950 Exception <a 'java/lang/NoSuchMethodError'{0x0000000083e2fbb8}: 'long java.lang.invoke.DirectMethodHandle$Holder.invokeStatic(java.lang.Object, long)'> (0x0000000083e2fbb8) 
thrown [s\src\hotspot\share\interpreter\linkResolver.cpp, line 784]
Event: 6.185 Thread 0x000001f0edf70950 Implicit null exception at 0x000001f0dab28e43 to 0x000001f0dab2917c
Event: 6.206 Thread 0x000001f0edf70950 Exception <a 'java/lang/NoSuchMethodError'{0x0000000083ac6580}: 'java.lang.Object java.lang.invoke.DirectMethodHandle$Holder.invokeVirtual(java.lang.Object, java.lang.Object, java.lang.Object, java.lang.Object, java.lang.Object, java.lang.Object, java.lang.Object, java.lang.Object, java.lang.Object, java.lang.Object, java.lang.Object, java.lang.Object, java.lang.Object, java.lang.Object, java.lang.Object, java.lang.Object, java.lang.Object)'> (0x0000000083ac6580) 
thrown [s\src\hotspot\share\interpreter\li
Event: 6.206 Thread 0x000001f0edf70950 Exception <a 'java/lang/NoSuchMethodError'{0x0000000083acc450}: 'java.lang.Object java.lang.invoke.DirectMethodHandle$Holder.invokeSpecial(java.lang.Object, java.lang.Object, java.lang.Object, java.lang.Object, java.lang.Object, java.lang.Object, java.lang.Object, java.lang.Object, java.lang.Object, java.lang.Object, java.lang.Object, java.lang.Object, java.lang.Object, java.lang.Object, java.lang.Object, java.lang.Object, java.lang.Object, java.lang.Object)'> (0x0000000083acc450) 
thrown [s\src\hotspot\sh
Event: 6.207 Thread 0x000001f0edf70950 Exception <a 'java/lang/NoSuchMethodError'{0x0000000083ad19a8}: 'java.lang.Object java.lang.invoke.DelegatingMethodHandle$Holder.reinvoke_L(java.lang.Object, java.lang.Object, java.lang.Object, java.lang.Object, java.lang.Object, java.lang.Object, java.lang.Object, java.lang.Object, java.lang.Object, java.lang.Object, java.lang.Object, java.lang.Object, java.lang.Object, java.lang.Object, java.lang.Object, java.lang.Object, java.lang.Object)'> (0x0000000083ad19a8) 
thrown [s\src\hotspot\share\interpreter\l
Event: 6.384 Thread 0x000001f0edf70950 Exception <a 'java/lang/NoSuchMethodError'{0x00000000865ad0b0}: static Lorg/gradle/api/internal/catalog/DefaultVersionCatalog;.<clinit>()V> (0x00000000865ad0b0) 
thrown [s\src\hotspot\share\prims\jni.cpp, line 1139]
Event: 6.387 Thread 0x000001f0edf70950 Exception <a 'java/lang/NoSuchMethodError'{0x00000000865e4aa0}: static [Ljava/lang/Object;.<clinit>()V> (0x00000000865e4aa0) 
thrown [s\src\hotspot\share\prims\jni.cpp, line 1139]
Event: 6.388 Thread 0x000001f0edf70950 Exception <a 'java/lang/NoSuchMethodError'{0x000000008640cfd8}: static Lorg/gradle/api/internal/catalog/DependencyModel;.<clinit>()V> (0x000000008640cfd8) 
thrown [s\src\hotspot\share\prims\jni.cpp, line 1139]
Event: 6.388 Thread 0x000001f0edf70950 Exception <a 'java/lang/NoSuchMethodError'{0x0000000086410d38}: static Lorg/gradle/api/internal/catalog/AbstractContextAwareModel;.<clinit>()V> (0x0000000086410d38) 
thrown [s\src\hotspot\share\prims\jni.cpp, line 1139]
Event: 6.388 Thread 0x000001f0edf70950 Exception <a 'java/lang/NoSuchMethodError'{0x000000008642a660}: static Lorg/gradle/api/internal/artifacts/dependencies/AbstractVersionConstraint;.<clinit>()V> (0x000000008642a660) 
thrown [s\src\hotspot\share\prims\jni.cpp, line 1139]
Event: 6.391 Thread 0x000001f0edf70950 Exception <a 'java/lang/NoSuchMethodError'{0x000000008648b2c8}: static Lorg/gradle/api/internal/catalog/PluginModel;.<clinit>()V> (0x000000008648b2c8) 
thrown [s\src\hotspot\share\prims\jni.cpp, line 1139]
Event: 6.392 Thread 0x000001f0edf70950 Exception <a 'java/lang/NoSuchMethodError'{0x00000000864a2638}: static Lorg/gradle/api/internal/catalog/VersionModel;.<clinit>()V> (0x00000000864a2638) 
thrown [s\src\hotspot\share\prims\jni.cpp, line 1139]
Event: 6.441 Thread 0x000001f0edf70950 Exception <a 'java/lang/NoSuchMethodError'{0x0000000085667a60}: 'int java.lang.invoke.DirectMethodHandle$Holder.invokeSpecialIFC(java.lang.Object, java.lang.Object, java.lang.Object)'> (0x0000000085667a60) 
thrown [s\src\hotspot\share\interpreter\linkResolver.cpp, line 784]
Event: 6.476 Thread 0x000001f0edf70950 Exception <a 'java/lang/NoSuchMethodError'{0x00000000853d61e8}: 'void java.lang.invoke.DirectMethodHandle$Holder.invokeStatic(java.lang.Object, java.lang.Object, java.lang.Object, int, java.lang.Object)'> (0x00000000853d61e8) 
thrown [s\src\hotspot\share\interpreter\linkResolver.cpp, line 784]

ZGC Phase Switch (0 events):
No events

VM Operations (20 events):
Event: 5.319 Executing VM operation: G1PauseCleanup
Event: 5.319 Executing VM operation: G1PauseCleanup done
Event: 5.817 Executing VM operation: ICBufferFull
Event: 5.817 Executing VM operation: ICBufferFull done
Event: 5.820 Executing VM operation: HandshakeAllThreads (Deoptimize)
Event: 5.820 Executing VM operation: HandshakeAllThreads (Deoptimize) done
Event: 5.820 Executing VM operation: G1CollectForAllocation (G1 Evacuation Pause)
Event: 5.823 Executing VM operation: G1CollectForAllocation (G1 Evacuation Pause) done
Event: 5.877 Executing VM operation: HandshakeAllThreads (Deoptimize)
Event: 5.877 Executing VM operation: HandshakeAllThreads (Deoptimize) done
Event: 5.965 Executing VM operation: HandshakeAllThreads (Deoptimize)
Event: 5.965 Executing VM operation: HandshakeAllThreads (Deoptimize) done
Event: 6.038 Executing VM operation: HandshakeAllThreads (Deoptimize)
Event: 6.039 Executing VM operation: HandshakeAllThreads (Deoptimize) done
Event: 6.310 Executing VM operation: G1CollectForAllocation (G1 Evacuation Pause)
Event: 6.316 Executing VM operation: G1CollectForAllocation (G1 Evacuation Pause) done
Event: 6.598 Executing VM operation: ICBufferFull
Event: 6.599 Executing VM operation: ICBufferFull done
Event: 6.677 Executing VM operation: HandshakeAllThreads (Deoptimize)
Event: 6.677 Executing VM operation: HandshakeAllThreads (Deoptimize) done

Memory protections (0 events):
No events

Nmethod flushes (20 events):
Event: 5.312 Thread 0x000001f0e7cd7630 flushing  nmethod 0x000001f0d2e47c10
Event: 5.312 Thread 0x000001f0e7cd7630 flushing  nmethod 0x000001f0d2e4d890
Event: 5.312 Thread 0x000001f0e7cd7630 flushing  nmethod 0x000001f0d32f1810
Event: 5.312 Thread 0x000001f0e7cd7630 flushing  nmethod 0x000001f0d32f2210
Event: 5.312 Thread 0x000001f0e7cd7630 flushing  nmethod 0x000001f0d32f5610
Event: 5.312 Thread 0x000001f0e7cd7630 flushing  nmethod 0x000001f0da835490
Event: 5.312 Thread 0x000001f0e7cd7630 flushing  nmethod 0x000001f0da895290
Event: 5.312 Thread 0x000001f0e7cd7630 flushing  nmethod 0x000001f0da896510
Event: 5.312 Thread 0x000001f0e7cd7630 flushing  nmethod 0x000001f0da897290
Event: 5.312 Thread 0x000001f0e7cd7630 flushing  nmethod 0x000001f0d2cdc690
Event: 5.312 Thread 0x000001f0e7cd7630 flushing  nmethod 0x000001f0d2cdf810
Event: 5.312 Thread 0x000001f0e7cd7630 flushing  nmethod 0x000001f0d2f47a10
Event: 5.312 Thread 0x000001f0e7cd7630 flushing  nmethod 0x000001f0da925010
Event: 5.312 Thread 0x000001f0e7cd7630 flushing  nmethod 0x000001f0d2c95b10
Event: 5.312 Thread 0x000001f0e7cd7630 flushing  nmethod 0x000001f0d2ddd090
Event: 5.312 Thread 0x000001f0e7cd7630 flushing  nmethod 0x000001f0d2de4990
Event: 5.312 Thread 0x000001f0e7cd7630 flushing  nmethod 0x000001f0d2fd1c10
Event: 5.312 Thread 0x000001f0e7cd7630 flushing  nmethod 0x000001f0d31a9310
Event: 5.312 Thread 0x000001f0e7cd7630 flushing  nmethod 0x000001f0d31aaf10
Event: 5.312 Thread 0x000001f0e7cd7630 flushing  nmethod 0x000001f0d31aeb10

Events (20 events):
Event: 4.913 Thread 0x000001f0edf70950 Thread added: 0x000001f0f0294910
Event: 4.929 Thread 0x000001f0edf70950 Thread added: 0x000001f0f0294fa0
Event: 4.951 Thread 0x000001f0edf70950 Thread added: 0x000001f0f028ed30
Event: 4.962 Thread 0x000001f0edf70950 Thread added: 0x000001f0f0294280
Event: 5.618 Thread 0x000001f0ee278400 Thread exited: 0x000001f0ee278400
Event: 6.715 Thread 0x000001f0edf70950 Thread added: 0x000001f0f0292ed0
Event: 6.715 Thread 0x000001f0edf70950 Thread added: 0x000001f0f028f3c0
Event: 6.715 Thread 0x000001f0edf70950 Thread added: 0x000001f0f02900e0
Event: 6.715 Thread 0x000001f0edf70950 Thread added: 0x000001f0f0290770
Event: 6.715 Thread 0x000001f0edf70950 Thread added: 0x000001f0f0291490
Event: 6.715 Thread 0x000001f0edf70950 Thread added: 0x000001f0f02921b0
Event: 6.715 Thread 0x000001f0edf70950 Thread added: 0x000001f0f0737f90
Event: 6.715 Thread 0x000001f0edf70950 Thread added: 0x000001f0f073ad80
Event: 6.715 Thread 0x000001f0edf70950 Thread added: 0x000001f0f0733df0
Event: 6.716 Thread 0x000001f0edf70950 Thread added: 0x000001f0f07399d0
Event: 6.716 Thread 0x000001f0edf70950 Thread added: 0x000001f0f0734480
Event: 6.716 Thread 0x000001f0edf70950 Thread added: 0x000001f0f0737270
Event: 6.716 Thread 0x000001f0edf70950 Thread added: 0x000001f0f07351a0
Event: 6.716 Thread 0x000001f0edf70950 Thread added: 0x000001f0f073a060
Event: 6.716 Thread 0x000001f0edf70950 Thread added: 0x000001f0f0736550


Dynamic libraries:
0x00007ff7d9da0000 - 0x00007ff7d9daa000 	C:\Program Files\Android\Android Studio\jbr\bin\java.exe
0x00007ffd58c70000 - 0x00007ffd58e68000 	C:\WINDOWS\SYSTEM32\ntdll.dll
0x00007ffd57400000 - 0x00007ffd574c2000 	C:\WINDOWS\System32\KERNEL32.DLL
0x00007ffd56990000 - 0x00007ffd56c86000 	C:\WINDOWS\System32\KERNELBASE.dll
0x00007ffd563d0000 - 0x00007ffd564d0000 	C:\WINDOWS\System32\ucrtbase.dll
0x00007ffd502c0000 - 0x00007ffd502db000 	C:\Program Files\Android\Android Studio\jbr\bin\VCRUNTIME140.dll
0x00007ffd4da30000 - 0x00007ffd4da48000 	C:\Program Files\Android\Android Studio\jbr\bin\jli.dll
0x00007ffd57f30000 - 0x00007ffd580d1000 	C:\WINDOWS\System32\USER32.dll
0x00007ffd48c10000 - 0x00007ffd48eab000 	C:\WINDOWS\WinSxS\amd64_microsoft.windows.common-controls_6595b64144ccf1df_6.0.19041.6456_none_60b8a6cb71f64256\COMCTL32.dll
0x00007ffd56300000 - 0x00007ffd56322000 	C:\WINDOWS\System32\win32u.dll
0x00007ffd57f00000 - 0x00007ffd57f2b000 	C:\WINDOWS\System32\GDI32.dll
0x00007ffd572b0000 - 0x00007ffd5734e000 	C:\WINDOWS\System32\msvcrt.dll
0x00007ffd56630000 - 0x00007ffd56749000 	C:\WINDOWS\System32\gdi32full.dll
0x00007ffd56330000 - 0x00007ffd563cd000 	C:\WINDOWS\System32\msvcp_win.dll
0x00007ffd56ff0000 - 0x00007ffd5701f000 	C:\WINDOWS\System32\IMM32.DLL
0x00007ffd53210000 - 0x00007ffd5321c000 	C:\Program Files\Android\Android Studio\jbr\bin\vcruntime140_1.dll
0x00007ffd25710000 - 0x00007ffd2579d000 	C:\Program Files\Android\Android Studio\jbr\bin\msvcp140.dll
0x00007ffd025d0000 - 0x00007ffd0325b000 	C:\Program Files\Android\Android Studio\jbr\bin\server\jvm.dll
0x00007ffd57530000 - 0x00007ffd575e1000 	C:\WINDOWS\System32\ADVAPI32.dll
0x00007ffd57350000 - 0x00007ffd573ef000 	C:\WINDOWS\System32\sechost.dll
0x00007ffd56c90000 - 0x00007ffd56db0000 	C:\WINDOWS\System32\RPCRT4.dll
0x00007ffd564d0000 - 0x00007ffd564f7000 	C:\WINDOWS\System32\bcrypt.dll
0x00007ffd56db0000 - 0x00007ffd56e1b000 	C:\WINDOWS\System32\WS2_32.dll
0x00007ffd55c90000 - 0x00007ffd55cdb000 	C:\WINDOWS\SYSTEM32\POWRPROF.dll
0x00007ffd4b1e0000 - 0x00007ffd4b207000 	C:\WINDOWS\SYSTEM32\WINMM.dll
0x00007ffd50c50000 - 0x00007ffd50c5a000 	C:\WINDOWS\SYSTEM32\VERSION.dll
0x00007ffd55af0000 - 0x00007ffd55b02000 	C:\WINDOWS\SYSTEM32\UMPDC.dll
0x00007ffd54b10000 - 0x00007ffd54b22000 	C:\WINDOWS\SYSTEM32\kernel.appcore.dll
0x00007ffd531f0000 - 0x00007ffd531fa000 	C:\Program Files\Android\Android Studio\jbr\bin\jimage.dll
0x00007ffd53f90000 - 0x00007ffd54191000 	C:\WINDOWS\SYSTEM32\DBGHELP.DLL
0x00007ffd29490000 - 0x00007ffd294c4000 	C:\WINDOWS\SYSTEM32\dbgcore.DLL
0x00007ffd56900000 - 0x00007ffd56982000 	C:\WINDOWS\System32\bcryptPrimitives.dll
0x00007ffd32440000 - 0x00007ffd3244e000 	C:\Program Files\Android\Android Studio\jbr\bin\instrument.dll
0x00007ffd501e0000 - 0x00007ffd50200000 	C:\Program Files\Android\Android Studio\jbr\bin\java.dll
0x00007ffd4f3c0000 - 0x00007ffd4f3d8000 	C:\Program Files\Android\Android Studio\jbr\bin\zip.dll
0x00007ffd584c0000 - 0x00007ffd58c30000 	C:\WINDOWS\System32\SHELL32.dll
0x00007ffd54350000 - 0x00007ffd54af5000 	C:\WINDOWS\SYSTEM32\windows.storage.dll
0x00007ffd58160000 - 0x00007ffd584b4000 	C:\WINDOWS\System32\combase.dll
0x00007ffd55d30000 - 0x00007ffd55d5b000 	C:\WINDOWS\SYSTEM32\Wldp.dll
0x00007ffd57c80000 - 0x00007ffd57d4d000 	C:\WINDOWS\System32\OLEAUT32.dll
0x00007ffd57170000 - 0x00007ffd5721d000 	C:\WINDOWS\System32\SHCORE.dll
0x00007ffd57020000 - 0x00007ffd5707b000 	C:\WINDOWS\System32\shlwapi.dll
0x00007ffd56230000 - 0x00007ffd56254000 	C:\WINDOWS\SYSTEM32\profapi.dll
0x00007ffd50b00000 - 0x00007ffd50b10000 	C:\Program Files\Android\Android Studio\jbr\bin\net.dll
0x00007ffd4d3c0000 - 0x00007ffd4d4ca000 	C:\WINDOWS\SYSTEM32\WINHTTP.dll
0x00007ffd55a20000 - 0x00007ffd55a8a000 	C:\WINDOWS\system32\mswsock.dll
0x00007ffd4f320000 - 0x00007ffd4f336000 	C:\Program Files\Android\Android Studio\jbr\bin\nio.dll
0x00007ffd4dff0000 - 0x00007ffd4e000000 	C:\Program Files\Android\Android Studio\jbr\bin\verify.dll
0x00007ffd28bf0000 - 0x00007ffd28c17000 	C:\Users\ntt15\.gradle\native\1def1411415f61bf3af743bc5b6707747c0891f09f0c88961ee8f79bc544acac\windows-amd64\native-platform.dll
0x00007ffd24fe0000 - 0x00007ffd25058000 	C:\Users\ntt15\.gradle\native\0.2.7\x86_64-windows-gnu\gradle-fileevents.dll
0x00007ffd4e240000 - 0x00007ffd4e249000 	C:\Program Files\Android\Android Studio\jbr\bin\management.dll
0x00007ffd4e230000 - 0x00007ffd4e23b000 	C:\Program Files\Android\Android Studio\jbr\bin\management_ext.dll
0x00007ffd57800000 - 0x00007ffd57808000 	C:\WINDOWS\System32\PSAPI.DLL
0x00007ffd55700000 - 0x00007ffd5573b000 	C:\WINDOWS\SYSTEM32\IPHLPAPI.DLL
0x00007ffd57080000 - 0x00007ffd57088000 	C:\WINDOWS\System32\NSI.dll
0x00007ffd4f310000 - 0x00007ffd4f319000 	C:\Program Files\Android\Android Studio\jbr\bin\extnet.dll
0x00007ffd55c40000 - 0x00007ffd55c58000 	C:\WINDOWS\SYSTEM32\CRYPTSP.dll
0x00007ffd552d0000 - 0x00007ffd55308000 	C:\WINDOWS\system32\rsaenh.dll
0x00007ffd561f0000 - 0x00007ffd5621e000 	C:\WINDOWS\SYSTEM32\USERENV.dll
0x00007ffd55c30000 - 0x00007ffd55c3c000 	C:\WINDOWS\SYSTEM32\CRYPTBASE.dll
0x00007ffd501c0000 - 0x00007ffd501c7000 	C:\WINDOWS\system32\wshunix.dll

dbghelp: loaded successfully - version: 4.0.5 - missing functions: none
symbol engine: initialized successfully - sym options: 0x614 - pdb path: .;C:\Program Files\Android\Android Studio\jbr\bin;C:\WINDOWS\SYSTEM32;C:\WINDOWS\WinSxS\amd64_microsoft.windows.common-controls_6595b64144ccf1df_6.0.19041.6456_none_60b8a6cb71f64256;C:\Program Files\Android\Android Studio\jbr\bin\server;C:\Users\ntt15\.gradle\native\1def1411415f61bf3af743bc5b6707747c0891f09f0c88961ee8f79bc544acac\windows-amd64;C:\Users\ntt15\.gradle\native\0.2.7\x86_64-windows-gnu

VM Arguments:
jvm_args: --add-opens=java.base/java.lang=ALL-UNNAMED --add-opens=java.base/java.lang.invoke=ALL-UNNAMED --add-opens=java.base/java.util=ALL-UNNAMED --add-opens=java.prefs/java.util.prefs=ALL-UNNAMED --add-exports=jdk.compiler/com.sun.tools.javac.api=ALL-UNNAMED --add-exports=jdk.compiler/com.sun.tools.javac.util=ALL-UNNAMED --add-opens=java.base/java.util=ALL-UNNAMED --add-opens=java.prefs/java.util.prefs=ALL-UNNAMED --add-opens=java.base/java.nio.charset=ALL-UNNAMED --add-opens=java.base/java.net=ALL-UNNAMED --add-opens=java.base/java.util.concurrent.atomic=ALL-UNNAMED --add-opens=java.xml/javax.xml.namespace=ALL-UNNAMED -Xmx2048m -Dfile.encoding=UTF-8 -Duser.country=US -Duser.language=en -Duser.variant -javaagent:C:\Users\ntt15\.gradle\wrapper\dists\gradle-8.13-bin\5xuhj0ry160q40clulazy9h7d\gradle-8.13\lib\agents\gradle-instrumentation-agent-8.13.jar 
java_command: org.gradle.launcher.daemon.bootstrap.GradleDaemon 8.13
java_class_path (initial): C:\Users\ntt15\.gradle\wrapper\dists\gradle-8.13-bin\5xuhj0ry160q40clulazy9h7d\gradle-8.13\lib\gradle-daemon-main-8.13.jar
Launcher Type: SUN_STANDARD

[Global flags]
     intx CICompilerCount                          = 12                                        {product} {ergonomic}
     uint ConcGCThreads                            = 3                                         {product} {ergonomic}
     uint G1ConcRefinementThreads                  = 13                                        {product} {ergonomic}
   size_t G1HeapRegionSize                         = 1048576                                   {product} {ergonomic}
    uintx GCDrainStackTargetSize                   = 64                                        {product} {ergonomic}
   size_t InitialHeapSize                          = 132120576                                 {product} {ergonomic}
   size_t MarkStackSize                            = 4194304                                   {product} {ergonomic}
   size_t MaxHeapSize                              = 2147483648                                {product} {command line}
   size_t MaxNewSize                               = 1287651328                                {product} {ergonomic}
   size_t MinHeapDeltaBytes                        = 1048576                                   {product} {ergonomic}
   size_t MinHeapSize                              = 8388608                                   {product} {ergonomic}
    uintx NonNMethodCodeHeapSize                   = 7602480                                {pd product} {ergonomic}
    uintx NonProfiledCodeHeapSize                  = 122027880                              {pd product} {ergonomic}
    uintx ProfiledCodeHeapSize                     = 122027880                              {pd product} {ergonomic}
    uintx ReservedCodeCacheSize                    = 251658240                              {pd product} {ergonomic}
     bool SegmentedCodeCache                       = true                                      {product} {ergonomic}
   size_t SoftMaxHeapSize                          = 2147483648                             {manageable} {ergonomic}
     bool UseCompressedOops                        = true                           {product lp64_product} {ergonomic}
     bool UseG1GC                                  = true                                      {product} {ergonomic}
     bool UseLargePagesIndividualAllocation        = false                                  {pd product} {ergonomic}

Logging:
Log output configuration:
 #0: stdout all=warning uptime,level,tags foldmultilines=false
 #1: stderr all=off uptime,level,tags foldmultilines=false

Environment Variables:
PATH=C:\Program Files\Common Files\Oracle\Java\javapath;C:\WINDOWS\system32;C:\WINDOWS;C:\WINDOWS\System32\Wbem;C:\WINDOWS\System32\WindowsPowerShell\v1.0\;C:\WINDOWS\System32\OpenSSH\;C:\Program Files\NVIDIA Corporation\NVIDIA NvDLISR;C:\Program Files\Microsoft SQL Server\Client SDK\ODBC\170\Tools\Binn\;C:\Program Files (x86)\Microsoft SQL Server\150\Tools\Binn\;C:\Program Files\Microsoft SQL Server\150\Tools\Binn\;C:\Program Files\Microsoft SQL Server\150\DTS\Binn\;C:\Program Files\Git\cmd;C:\Program Files\cursor\resources\app\bin;C:\flutter\bin;C:\Program Files (x86)\Windows Kits\10\Windows Performance Toolkit\;C:\Users\ntt15\AppData\Local\Microsoft\WindowsApps;C:\Users\ntt15\AppData\Local\Programs\Microsoft VS Code\bin;F:\php;
USERNAME=ntt15
OS=Windows_NT
PROCESSOR_IDENTIFIER=AMD64 Family 25 Model 80 Stepping 0, AuthenticAMD
TMP=C:\Users\ntt15\AppData\Local\Temp
TEMP=C:\Users\ntt15\AppData\Local\Temp




Periodic native trim disabled

JNI global refs:
JNI global refs: 34, weak refs: 23

JNI global refs memory usage: 835, weak refs: 833

Process memory usage:
Resident Set Size: 311364K (3% of 8237124K total physical memory with 340756K free physical memory)

OOME stack traces (most recent first):
Classloader memory used:
Loader org.gradle.internal.classloader.VisitableURLClassLoader                         : 36523K
Loader bootstrap                                                                       : 23265K
Loader org.gradle.initialization.MixInLegacyTypesClassLoader                           : 10774K
Loader jdk.internal.loader.ClassLoaders$PlatformClassLoader                            : 499K
Loader jdk.internal.loader.ClassLoaders$AppClassLoader                                 : 235K
Loader org.gradle.internal.classloader.VisitableURLClassLoader                         : 162K
Loader jdk.internal.reflect.DelegatingClassLoader                                      : 113K
Loader org.gradle.groovy.scripts.internal.DefaultScriptCompilationHandler$ScriptClassLoader: 98672B
Loader org.gradle.internal.classloader.VisitableURLClassLoader$InstrumentingVisitableURLClassLoader: 18328B
Loader org.codehaus.groovy.runtime.callsite.CallSiteClassLoader                        : 10064B

Classes loaded by more than one classloader:
Class Program                                                                         : loaded 3 times (x 68B)
Class org.gradle.internal.classloader.ClassLoaderHierarchy                            : loaded 2 times (x 66B)
Class org.gradle.api.internal.classpath.ManifestUtil                                  : loaded 2 times (x 67B)
Class org.gradle.internal.classloader.DefaultClassLoaderFactory                       : loaded 2 times (x 78B)
Class org.gradle.internal.classloader.ClassLoaderVisitor                              : loaded 2 times (x 72B)
Class org.gradle.api.internal.classpath.EffectiveClassPath                            : loaded 2 times (x 86B)
Class org.gradle.api.internal.DefaultClassPathProvider                                : loaded 2 times (x 72B)
Class [Lorg.gradle.api.internal.ClassPathProvider;                                    : loaded 2 times (x 65B)
Class org.gradle.api.internal.ClassPathProvider                                       : loaded 2 times (x 66B)
Class org.gradle.internal.service.UnknownServiceException                             : loaded 2 times (x 79B)
Class ijJvmDebugger1_2646rbs0x2v3fj4qvuy5uya12$_run_closure1                          : loaded 2 times (x 135B)
Class org.gradle.internal.classpath.TransformedClassPath                              : loaded 2 times (x 92B)
Class org.gradle.internal.classloader.InstrumentingClassLoader                        : loaded 2 times (x 66B)
Class org.gradle.internal.service.ServiceLocator                                      : loaded 2 times (x 66B)
Class org.gradle.internal.InternalTransformer                                         : loaded 2 times (x 66B)
Class org.gradle.internal.classloader.ClasspathUtil$1                                 : loaded 2 times (x 72B)
Class org.gradle.api.internal.classpath.DefaultModuleRegistry$DefaultModule           : loaded 2 times (x 82B)
Class org.gradle.api.internal.classpath.Module                                        : loaded 2 times (x 66B)
Class org.gradle.api.internal.classpath.UnknownModuleException                        : loaded 2 times (x 78B)
Class org.gradle.api.internal.DefaultClassPathRegistry                                : loaded 2 times (x 72B)
Class org.gradle.api.internal.ClassPathRegistry                                       : loaded 2 times (x 66B)
Class org.gradle.internal.classpath.DefaultClassPath$ImmutableUniqueList              : loaded 2 times (x 195B)
Class org.gradle.internal.classloader.FilteringClassLoader                            : loaded 2 times (x 101B)
Class Settings_gradle$1                                                               : loaded 2 times (x 70B)
Class org.gradle.internal.classpath.ClassPath                                         : loaded 2 times (x 66B)
Class org.gradle.api.UncheckedIOException                                             : loaded 2 times (x 78B)
Class org.gradle.internal.installation.GradleInstallation$1                           : loaded 2 times (x 71B)
Class org.gradle.api.internal.classpath.ModuleRegistry                                : loaded 2 times (x 66B)
Class org.gradle.api.internal.classpath.DefaultModuleRegistry                         : loaded 2 times (x 82B)
Class org.gradle.internal.service.ServiceLookupException                              : loaded 2 times (x 78B)
Class org.gradle.internal.classloader.ClassLoaderFactory                              : loaded 2 times (x 66B)
Class org.gradle.internal.service.CachingServiceLocator                               : loaded 2 times (x 78B)
Class org.gradle.internal.classloader.ClasspathUtil                                   : loaded 2 times (x 67B)
Class ijJvmDebugger1_2646rbs0x2v3fj4qvuy5uya12                                        : loaded 2 times (x 175B)
Class org.gradle.api.specs.Spec                                                       : loaded 2 times (x 66B)
Class org.gradle.internal.classloader.VisitableURLClassLoader$InstrumentingVisitableURLClassLoader: loaded 2 times (x 119B)
Class org.gradle.internal.classloader.VisitableURLClassLoader$Spec                    : loaded 2 times (x 70B)
Class org.gradle.internal.classpath.DefaultClassPath                                  : loaded 2 times (x 86B)
Class org.gradle.internal.classloader.ClassLoaderSpec                                 : loaded 2 times (x 67B)
Class Settings_gradle$1$1                                                             : loaded 2 times (x 70B)
Class org.gradle.internal.classloader.VisitableURLClassLoader                         : loaded 2 times (x 113B)
Class Settings_gradle                                                                 : loaded 2 times (x 124B)
Class org.gradle.internal.Cast                                                        : loaded 2 times (x 67B)
Class org.gradle.api.Action                                                           : loaded 2 times (x 66B)
Class org.gradle.internal.classpath.DefaultClassPath$ImmutableUniqueList$Builder      : loaded 2 times (x 71B)
Class ijKotlinCoroutineJvmDebugInit1_aed75q1sl4xg7hmka7uqn8pkg                        : loaded 2 times (x 175B)
Class org.gradle.api.GradleException                                                  : loaded 2 times (x 78B)
Class org.gradle.internal.IoActions                                                   : loaded 2 times (x 67B)
Class ijKotlinCoroutineJvmDebugInit1_aed75q1sl4xg7hmka7uqn8pkg$_run_closure1          : loaded 2 times (x 135B)
Class org.gradle.internal.classloader.SystemClassLoaderSpec                           : loaded 2 times (x 67B)
Class org.gradle.api.internal.classpath.GlobalCacheRootsProvider                      : loaded 2 times (x 66B)
Class org.gradle.internal.installation.CurrentGradleInstallationLocator               : loaded 2 times (x 67B)
Class org.gradle.internal.service.DefaultServiceLocator                               : loaded 2 times (x 79B)
Class org.gradle.internal.installation.CurrentGradleInstallation                      : loaded 2 times (x 69B)
Class org.gradle.util.internal.GUtil                                                  : loaded 2 times (x 67B)
Class org.gradle.internal.installation.GradleInstallation                             : loaded 2 times (x 71B)

---------------  S Y S T E M  ---------------

OS:
 Windows 10 , 64 bit Build 19041 (10.0.19041.5915)
OS uptime: 6 days 6:40 hours

CPU: total 16 (initial active 16) (16 cores per cpu, 2 threads per core) family 25 model 80 stepping 0 microcode 0x0, cx8, cmov, fxsr, ht, mmx, 3dnowpref, sse, sse2, sse3, ssse3, sse4a, sse4.1, sse4.2, popcnt, lzcnt, tsc, tscinvbit, avx, avx2, aes, erms, clmul, bmi1, bmi2, adx, sha, fma, vzeroupper, clflush, clflushopt, rdtscp, rdpid, fsrm, f16c, pku, cet_ss
Processor Information for the first 16 processors :
  Max Mhz: 3201, Current Mhz: 3201, Mhz Limit: 3201

Memory: 4k page, system-wide physical 8044M (330M free)
TotalPageFile size 22627M (AvailPageFile size 5M)
current process WorkingSet (physical memory assigned to process): 304M, peak: 305M
current process commit charge ("private bytes"): 351M, peak: 353M

vm_info: OpenJDK 64-Bit Server VM (21.0.6+-13391695-b895.109) for windows-amd64 JRE (21.0.6+-13391695-b895.109), built on 2025-04-22T21:19:17Z by "builder" with MS VC++ 16.10 / 16.11 (VS2019)

END.
